{"name": "报价测试", "status": "broken", "statusDetails": {"message": "selenium.common.exceptions.NoSuchElementException: Message: An element could not be located on the page using the given search parameters.", "trace": "self = <test_case.dev_case.quotation.test_kaishisong_dev_quotation.TestKaiShiSong object at 0x10c591b80>\nfrom_data = {'from_address': '12栋', 'item_select': '文件票证', 'remarke': '', 'time': '今天 立即取件', ...}\n\n    @allure.title(\"报价测试\")\n    @pytest.mark.parametrize('from_data', yaml.safe_load(open('../../../test_data/from_data.yaml', 'r')))\n    def test_quotation(self, from_data: dict):\n    \n>       self.main.fill_in_from(from_data.get('from_address'), from_data.get('to_address'),\n                               item_select=from_data.get('item_select'), time=from_data.get('time'),\n                               weight=from_data.get(\"weight\"))\n\ntest_kaishisong_dev_quotation.py:29: \n_ _ _ _ _ _ _ _ _ _ _ _ _ _ _ _ _ _ _ _ _ _ _ _ _ _ _ _ _ _ _ _ _ _ _ _ _ _ _ _ \n../../../test_page/main_page.py:38: in fill_in_from\n    self.click_element(self.__by_of_com_out_address)\n../../../test_page/base_page.py:108: in click_element\n    return self.driver.find_element(*by).click()\n../../../venv/lib/python3.8/site-packages/appium/webdriver/webdriver.py:282: in find_element\n    return self.execute(RemoteCommand.FIND_ELEMENT, {'using': by, 'value': value})['value']\n../../../venv/lib/python3.8/site-packages/selenium/webdriver/remote/webdriver.py:321: in execute\n    self.error_handler.check_response(response)\n../../../venv/lib/python3.8/site-packages/appium/webdriver/errorhandler.py:31: in check_response\n    raise wde\n../../../venv/lib/python3.8/site-packages/appium/webdriver/errorhandler.py:26: in check_response\n    super().check_response(response)\n_ _ _ _ _ _ _ _ _ _ _ _ _ _ _ _ _ _ _ _ _ _ _ _ _ _ _ _ _ _ _ _ _ _ _ _ _ _ _ _ \n\nself = <appium.webdriver.errorhandler.MobileErrorHandler object at 0x10c5c81f0>\nresponse = {'status': 404, 'value': '{\"value\":{\"error\":\"no such element\",\"message\":\"An element could not be located on the page u...pium.app/Contents/Resources/app/node_modules/appium/node_modules/appium-android-driver/lib/commands/find.js:75:11)\"}}'}\n\n    def check_response(self, response):\n        \"\"\"\n        Checks that a JSON response from the WebDriver does not have an error.\n    \n        :Args:\n         - response - The JSON response from the WebDriver server as a dictionary\n           object.\n    \n        :Raises: If the response contains an error message.\n        \"\"\"\n        status = response.get('status', None)\n        if status is None or status == ErrorCode.SUCCESS:\n            return\n        value = None\n        message = response.get(\"message\", \"\")\n        screen = response.get(\"screen\", \"\")\n        stacktrace = None\n        if isinstance(status, int):\n            value_json = response.get('value', None)\n            if value_json and isinstance(value_json, basestring):\n                import json\n                try:\n                    value = json.loads(value_json)\n                    if len(value.keys()) == 1:\n                        value = value['value']\n                    status = value.get('error', None)\n                    if status is None:\n                        status = value[\"status\"]\n                        message = value[\"value\"]\n                        if not isinstance(message, basestring):\n                            value = message\n                            message = message.get('message')\n                    else:\n                        message = value.get('message', None)\n                except ValueError:\n                    pass\n    \n        exception_class = ErrorInResponseException\n        if status in ErrorCode.NO_SUCH_ELEMENT:\n            exception_class = NoSuchElementException\n        elif status in ErrorCode.NO_SUCH_FRAME:\n            exception_class = NoSuchFrameException\n        elif status in ErrorCode.NO_SUCH_WINDOW:\n            exception_class = NoSuchWindowException\n        elif status in ErrorCode.STALE_ELEMENT_REFERENCE:\n            exception_class = StaleElementReferenceException\n        elif status in ErrorCode.ELEMENT_NOT_VISIBLE:\n            exception_class = ElementNotVisibleException\n        elif status in ErrorCode.INVALID_ELEMENT_STATE:\n            exception_class = InvalidElementStateException\n        elif status in ErrorCode.INVALID_SELECTOR \\\n                or status in ErrorCode.INVALID_XPATH_SELECTOR \\\n                or status in ErrorCode.INVALID_XPATH_SELECTOR_RETURN_TYPER:\n            exception_class = InvalidSelectorException\n        elif status in ErrorCode.ELEMENT_IS_NOT_SELECTABLE:\n            exception_class = ElementNotSelectableException\n        elif status in ErrorCode.ELEMENT_NOT_INTERACTABLE:\n            exception_class = ElementNotInteractableException\n        elif status in ErrorCode.INVALID_COOKIE_DOMAIN:\n            exception_class = InvalidCookieDomainException\n        elif status in ErrorCode.UNABLE_TO_SET_COOKIE:\n            exception_class = UnableToSetCookieException\n        elif status in ErrorCode.TIMEOUT:\n            exception_class = TimeoutException\n        elif status in ErrorCode.SCRIPT_TIMEOUT:\n            exception_class = TimeoutException\n        elif status in ErrorCode.UNKNOWN_ERROR:\n            exception_class = WebDriverException\n        elif status in ErrorCode.UNEXPECTED_ALERT_OPEN:\n            exception_class = UnexpectedAlertPresentException\n        elif status in ErrorCode.NO_ALERT_OPEN:\n            exception_class = NoAlertPresentException\n        elif status in ErrorCode.IME_NOT_AVAILABLE:\n            exception_class = ImeNotAvailableException\n        elif status in ErrorCode.IME_ENGINE_ACTIVATION_FAILED:\n            exception_class = ImeActivationFailedException\n        elif status in ErrorCode.MOVE_TARGET_OUT_OF_BOUNDS:\n            exception_class = MoveTargetOutOfBoundsException\n        elif status in ErrorCode.JAVASCRIPT_ERROR:\n            exception_class = JavascriptException\n        elif status in ErrorCode.SESSION_NOT_CREATED:\n            exception_class = SessionNotCreatedException\n        elif status in ErrorCode.INVALID_ARGUMENT:\n            exception_class = InvalidArgumentException\n        elif status in ErrorCode.NO_SUCH_COOKIE:\n            exception_class = NoSuchCookieException\n        elif status in ErrorCode.UNABLE_TO_CAPTURE_SCREEN:\n            exception_class = ScreenshotException\n        elif status in ErrorCode.ELEMENT_CLICK_INTERCEPTED:\n            exception_class = ElementClickInterceptedException\n        elif status in ErrorCode.INSECURE_CERTIFICATE:\n            exception_class = InsecureCertificateException\n        elif status in ErrorCode.INVALID_COORDINATES:\n            exception_class = InvalidCoordinatesException\n        elif status in ErrorCode.INVALID_SESSION_ID:\n            exception_class = InvalidSessionIdException\n        elif status in ErrorCode.UNKNOWN_METHOD:\n            exception_class = UnknownMethodException\n        else:\n            exception_class = WebDriverException\n        if value == '' or value is None:\n            value = response['value']\n        if isinstance(value, basestring):\n            if exception_class == ErrorInResponseException:\n                raise exception_class(response, value)\n            raise exception_class(value)\n        if message == \"\" and 'message' in value:\n            message = value['message']\n    \n        screen = None\n        if 'screen' in value:\n            screen = value['screen']\n    \n        stacktrace = None\n        if 'stackTrace' in value and value['stackTrace']:\n            stacktrace = []\n            try:\n                for frame in value['stackTrace']:\n                    line = self._value_or_default(frame, 'lineNumber', '')\n                    file = self._value_or_default(frame, 'fileName', '<anonymous>')\n                    if line:\n                        file = \"%s:%s\" % (file, line)\n                    meth = self._value_or_default(frame, 'methodName', '<anonymous>')\n                    if 'className' in frame:\n                        meth = \"%s.%s\" % (frame['className'], meth)\n                    msg = \"    at %s (%s)\"\n                    msg = msg % (meth, file)\n                    stacktrace.append(msg)\n            except TypeError:\n                pass\n        if exception_class == ErrorInResponseException:\n            raise exception_class(response, message)\n        elif exception_class == UnexpectedAlertPresentException:\n            alert_text = None\n            if 'data' in value:\n                alert_text = value['data'].get('text')\n            elif 'alert' in value:\n                alert_text = value['alert'].get('text')\n            raise exception_class(message, screen, stacktrace, alert_text)\n>       raise exception_class(message, screen, stacktrace)\nE       selenium.common.exceptions.NoSuchElementException: Message: An element could not be located on the page using the given search parameters.\n\n../../../venv/lib/python3.8/site-packages/selenium/webdriver/remote/errorhandler.py:242: NoSuchElementException"}, "attachments": [{"name": "log", "source": "a492283e-051c-4814-9522-c5e143cb8cd9-attachment.txt", "type": "text/plain"}], "parameters": [{"name": "from_data", "value": "{'from_address': '12栋', 'to_address': '完美世界', 'wegiht': '5', 'item_select': '文件票证', 'remarke': '', 'time': '今天 立即取件'}"}], "start": 1622882547079, "stop": 1622882554566, "uuid": "3a2c3404-2a4d-4142-8dc6-2763505eefed", "historyId": "484acb34c77d4b6ed9cbff0558d214db", "testCaseId": "321955b6535e91700bb31f820357e448", "fullName": "test_case.dev_case.quotation.test_kaishisong_dev_quotation.TestKaiShiSong#test_quotation", "labels": [{"name": "parentSuite", "value": "test_case.dev_case.quotation"}, {"name": "suite", "value": "test_kaishisong_dev_quotation"}, {"name": "subSuite", "value": "TestKaiShiSong"}, {"name": "host", "value": "macdeMBP"}, {"name": "thread", "value": "23724-MainThread"}, {"name": "framework", "value": "pytest"}, {"name": "language", "value": "cpython3"}, {"name": "package", "value": "test_case.dev_case.quotation.test_kaishisong_dev_quotation"}]}